<?xml version="1.0" encoding="UTF-8"?>
<!-- Generated by org.testng.reporters.JUnitReportReporter -->
<testsuite skipped="1" hostname="user-PC" name="com.infy.SeleniumTest.Test" tests="2" failures="0" timestamp="20 Apr 2019 09:15:15 GMT" time="0.032" errors="0">
  <testcase name="test2" time="0.032" classname="com.infy.SeleniumTest.Test"/>
  <testcase name="test1" classname="com.infy.SeleniumTest.Test">
    <skipped/>
  </testcase> <!-- test1 -->
</testsuite> <!-- com.infy.SeleniumTest.Test -->
