<?xml version="1.0" encoding="UTF-8"?>
<!-- Generated by org.testng.reporters.JUnitReportReporter -->
<testsuite skipped="0" hostname="user-PC" name="com.infy.SeleniumTest.MallOfMysore" tests="1" failures="0" timestamp="22 Jun 2019 09:00:05 GMT" time="0.018" errors="0">
  <testcase name="submit" time="0.018" classname="com.infy.SeleniumTest.MallOfMysore"/>
</testsuite> <!-- com.infy.SeleniumTest.MallOfMysore -->
